<?xml version="1.0" encoding="UTF-8"?>
<robot generator="Robot 3.1.2 (Python 3.7.4 on win32)" generated="20191021 14:14:13.056" rpa="false">
<suite id="s1" name="Project1" source="D:\WORKINGSPACE\ECLIPSE2018\Project1">
<suite id="s1-s1" name="TestSuiteeeee" source="D:\WORKINGSPACE\ECLIPSE2018\Project1\TestSuiteeeee">
<suite id="s1-s1-s1" name="ChooseFile" source="D:\WORKINGSPACE\ECLIPSE2018\Project1\TestSuiteeeee\ChooseFile.robot">
<test id="s1-s1-s1-t1" name="Num1">
<kw name="Login" library="Util">
<arguments>
<arg>automation</arg>
<arg>Omnivista@123</arg>
<arg>https://automation.ov.dev.ovcirrus.com</arg>
</arguments>
<kw name="Open Browser" library="SeleniumLibrary">
<doc>Opens a new browser instance to the given ``url``.</doc>
<arguments>
<arg>${url}</arg>
<arg>chrome</arg>
</arguments>
<msg timestamp="20191021 14:14:13.358" level="INFO">Opening browser 'chrome' to base url 'https://automation.ov.dev.ovcirrus.com'.</msg>
<status status="PASS" starttime="20191021 14:14:13.358" endtime="20191021 14:14:22.167"></status>
</kw>
<kw name="Maximize Browser Window" library="SeleniumLibrary">
<doc>Maximizes current browser window.</doc>
<status status="PASS" starttime="20191021 14:14:22.168" endtime="20191021 14:14:23.347"></status>
</kw>
<kw name="Input Text" library="SeleniumLibrary">
<doc>Types the given ``text`` into the text field identified by ``locator``.</doc>
<arguments>
<arg>id:username</arg>
<arg>${name}</arg>
</arguments>
<msg timestamp="20191021 14:14:23.350" level="INFO">Typing text 'automation' into text field 'id:username'.</msg>
<status status="PASS" starttime="20191021 14:14:23.348" endtime="20191021 14:14:23.534"></status>
</kw>
<kw name="Input Text" library="SeleniumLibrary">
<doc>Types the given ``text`` into the text field identified by ``locator``.</doc>
<arguments>
<arg>id:password</arg>
<arg>${password}</arg>
</arguments>
<msg timestamp="20191021 14:14:23.535" level="INFO">Typing text 'Omnivista@123' into text field 'id:password'.</msg>
<status status="PASS" starttime="20191021 14:14:23.534" endtime="20191021 14:14:23.662"></status>
</kw>
<kw name="Click Button" library="SeleniumLibrary">
<doc>Clicks the button identified by ``locator``.</doc>
<arguments>
<arg>id:signInButton</arg>
</arguments>
<msg timestamp="20191021 14:14:23.662" level="INFO">Clicking button 'id:signInButton'.</msg>
<status status="PASS" starttime="20191021 14:14:23.662" endtime="20191021 14:14:23.736"></status>
</kw>
<kw name="Wait Until Element Is Visible" library="SeleniumLibrary">
<doc>Waits until the element ``locator`` is visible.</doc>
<arguments>
<arg>//*[@id="ov-branding-canvas"]</arg>
<arg>20s</arg>
</arguments>
<status status="PASS" starttime="20191021 14:14:23.736" endtime="20191021 14:14:30.097"></status>
</kw>
<status status="PASS" starttime="20191021 14:14:13.357" endtime="20191021 14:14:30.097"></status>
</kw>
<kw name="Navigate2" library="Util">
<arguments>
<arg>Network&gt;Inventory&gt;Device Catalog</arg>
</arguments>
<kw name="Split String" library="String">
<doc>Splits the ``string`` using ``separator`` as a delimiter string.</doc>
<arguments>
<arg>${path}</arg>
<arg>separator=&gt;</arg>
</arguments>
<assign>
<var>@{paths}</var>
</assign>
<msg timestamp="20191021 14:14:30.098" level="INFO">@{paths} = [ Network | Inventory | Device Catalog ]</msg>
<status status="PASS" starttime="20191021 14:14:30.098" endtime="20191021 14:14:30.098"></status>
</kw>
<kw name="Get Length" library="BuiltIn">
<doc>Returns and logs the length of the given item as an integer.</doc>
<arguments>
<arg>${paths}</arg>
</arguments>
<assign>
<var>${count}</var>
</assign>
<msg timestamp="20191021 14:14:30.099" level="INFO">Length is 3</msg>
<msg timestamp="20191021 14:14:30.099" level="INFO">${count} = 3</msg>
<status status="PASS" starttime="20191021 14:14:30.099" endtime="20191021 14:14:30.099"></status>
</kw>
<kw name="${INDEX} IN RANGE [ ${count} ]" type="for">
<kw name="${INDEX} = 0" type="foritem">
<kw name="Run Keyword If" library="BuiltIn">
<doc>Runs the given keyword with the given arguments, if ``condition`` is true.</doc>
<arguments>
<arg>${INDEX}==0</arg>
<arg>Click Element</arg>
<arg>//a[@class='ng-binding' and contains(text(),'@{paths}[0]')]</arg>
</arguments>
<kw name="Click Element" library="SeleniumLibrary">
<doc>Click the element identified by ``locator``.</doc>
<arguments>
<arg>//a[@class='ng-binding' and contains(text(),'@{paths}[0]')]</arg>
</arguments>
<msg timestamp="20191021 14:14:30.101" level="INFO">Clicking element '//a[@class='ng-binding' and contains(text(),'Network')]'.</msg>
<status status="PASS" starttime="20191021 14:14:30.100" endtime="20191021 14:14:30.176"></status>
</kw>
<status status="PASS" starttime="20191021 14:14:30.100" endtime="20191021 14:14:30.177"></status>
</kw>
<kw name="Run Keyword If" library="BuiltIn">
<doc>Runs the given keyword with the given arguments, if ``condition`` is true.</doc>
<arguments>
<arg>${INDEX}==1</arg>
<arg>Click Element</arg>
<arg>//a[contains(@id,'main-menu') and contains(text(),'@{paths}[1]')]</arg>
</arguments>
<status status="PASS" starttime="20191021 14:14:30.177" endtime="20191021 14:14:30.177"></status>
</kw>
<kw name="Run Keyword If" library="BuiltIn">
<doc>Runs the given keyword with the given arguments, if ``condition`` is true.</doc>
<arguments>
<arg>${INDEX}&gt;=2</arg>
<arg>Click Element</arg>
<arg>//div[@class='col-xs-10 ' and contains(.,'@{paths}[${INDEX}]')]</arg>
</arguments>
<status status="PASS" starttime="20191021 14:14:30.178" endtime="20191021 14:14:30.178"></status>
</kw>
<kw name="Sleep" library="BuiltIn">
<doc>Pauses the test executed for the given time.</doc>
<arguments>
<arg>2s</arg>
</arguments>
<msg timestamp="20191021 14:14:32.180" level="INFO">Slept 2 seconds</msg>
<status status="PASS" starttime="20191021 14:14:30.178" endtime="20191021 14:14:32.180"></status>
</kw>
<status status="PASS" starttime="20191021 14:14:30.100" endtime="20191021 14:14:32.180"></status>
</kw>
<kw name="${INDEX} = 1" type="foritem">
<kw name="Run Keyword If" library="BuiltIn">
<doc>Runs the given keyword with the given arguments, if ``condition`` is true.</doc>
<arguments>
<arg>${INDEX}==0</arg>
<arg>Click Element</arg>
<arg>//a[@class='ng-binding' and contains(text(),'@{paths}[0]')]</arg>
</arguments>
<status status="PASS" starttime="20191021 14:14:32.181" endtime="20191021 14:14:32.181"></status>
</kw>
<kw name="Run Keyword If" library="BuiltIn">
<doc>Runs the given keyword with the given arguments, if ``condition`` is true.</doc>
<arguments>
<arg>${INDEX}==1</arg>
<arg>Click Element</arg>
<arg>//a[contains(@id,'main-menu') and contains(text(),'@{paths}[1]')]</arg>
</arguments>
<kw name="Click Element" library="SeleniumLibrary">
<doc>Click the element identified by ``locator``.</doc>
<arguments>
<arg>//a[contains(@id,'main-menu') and contains(text(),'@{paths}[1]')]</arg>
</arguments>
<msg timestamp="20191021 14:14:32.182" level="INFO">Clicking element '//a[contains(@id,'main-menu') and contains(text(),'Inventory')]'.</msg>
<status status="PASS" starttime="20191021 14:14:32.182" endtime="20191021 14:14:32.306"></status>
</kw>
<status status="PASS" starttime="20191021 14:14:32.181" endtime="20191021 14:14:32.306"></status>
</kw>
<kw name="Run Keyword If" library="BuiltIn">
<doc>Runs the given keyword with the given arguments, if ``condition`` is true.</doc>
<arguments>
<arg>${INDEX}&gt;=2</arg>
<arg>Click Element</arg>
<arg>//div[@class='col-xs-10 ' and contains(.,'@{paths}[${INDEX}]')]</arg>
</arguments>
<status status="PASS" starttime="20191021 14:14:32.306" endtime="20191021 14:14:32.307"></status>
</kw>
<kw name="Sleep" library="BuiltIn">
<doc>Pauses the test executed for the given time.</doc>
<arguments>
<arg>2s</arg>
</arguments>
<msg timestamp="20191021 14:14:34.308" level="INFO">Slept 2 seconds</msg>
<status status="PASS" starttime="20191021 14:14:32.307" endtime="20191021 14:14:34.309"></status>
</kw>
<status status="PASS" starttime="20191021 14:14:32.180" endtime="20191021 14:14:34.310"></status>
</kw>
<kw name="${INDEX} = 2" type="foritem">
<kw name="Run Keyword If" library="BuiltIn">
<doc>Runs the given keyword with the given arguments, if ``condition`` is true.</doc>
<arguments>
<arg>${INDEX}==0</arg>
<arg>Click Element</arg>
<arg>//a[@class='ng-binding' and contains(text(),'@{paths}[0]')]</arg>
</arguments>
<status status="PASS" starttime="20191021 14:14:34.313" endtime="20191021 14:14:34.315"></status>
</kw>
<kw name="Run Keyword If" library="BuiltIn">
<doc>Runs the given keyword with the given arguments, if ``condition`` is true.</doc>
<arguments>
<arg>${INDEX}==1</arg>
<arg>Click Element</arg>
<arg>//a[contains(@id,'main-menu') and contains(text(),'@{paths}[1]')]</arg>
</arguments>
<status status="PASS" starttime="20191021 14:14:34.316" endtime="20191021 14:14:34.317"></status>
</kw>
<kw name="Run Keyword If" library="BuiltIn">
<doc>Runs the given keyword with the given arguments, if ``condition`` is true.</doc>
<arguments>
<arg>${INDEX}&gt;=2</arg>
<arg>Click Element</arg>
<arg>//div[@class='col-xs-10 ' and contains(.,'@{paths}[${INDEX}]')]</arg>
</arguments>
<kw name="Click Element" library="SeleniumLibrary">
<doc>Click the element identified by ``locator``.</doc>
<arguments>
<arg>//div[@class='col-xs-10 ' and contains(.,'@{paths}[${INDEX}]')]</arg>
</arguments>
<msg timestamp="20191021 14:14:34.322" level="INFO">Clicking element '//div[@class='col-xs-10 ' and contains(.,'Device Catalog')]'.</msg>
<status status="PASS" starttime="20191021 14:14:34.320" endtime="20191021 14:14:34.437"></status>
</kw>
<status status="PASS" starttime="20191021 14:14:34.318" endtime="20191021 14:14:34.438"></status>
</kw>
<kw name="Sleep" library="BuiltIn">
<doc>Pauses the test executed for the given time.</doc>
<arguments>
<arg>2s</arg>
</arguments>
<msg timestamp="20191021 14:14:36.438" level="INFO">Slept 2 seconds</msg>
<status status="PASS" starttime="20191021 14:14:34.438" endtime="20191021 14:14:36.440"></status>
</kw>
<status status="PASS" starttime="20191021 14:14:34.311" endtime="20191021 14:14:36.442"></status>
</kw>
<status status="PASS" starttime="20191021 14:14:30.099" endtime="20191021 14:14:36.444"></status>
</kw>
<status status="PASS" starttime="20191021 14:14:30.097" endtime="20191021 14:14:36.446"></status>
</kw>
<kw name="Sleep" library="BuiltIn">
<doc>Pauses the test executed for the given time.</doc>
<arguments>
<arg>2s</arg>
</arguments>
<msg timestamp="20191021 14:14:38.454" level="INFO">Slept 2 seconds</msg>
<status status="PASS" starttime="20191021 14:14:36.450" endtime="20191021 14:14:38.455"></status>
</kw>
<kw name="Click Element" library="SeleniumLibrary">
<doc>Click the element identified by ``locator``.</doc>
<arguments>
<arg>//button[@title="Import"]</arg>
</arguments>
<msg timestamp="20191021 14:14:38.458" level="INFO">Clicking element '//button[@title="Import"]'.</msg>
<status status="PASS" starttime="20191021 14:14:38.456" endtime="20191021 14:14:38.580"></status>
</kw>
<kw name="Sleep" library="BuiltIn">
<doc>Pauses the test executed for the given time.</doc>
<arguments>
<arg>5s</arg>
</arguments>
<msg timestamp="20191021 14:14:43.581" level="INFO">Slept 5 seconds</msg>
<status status="PASS" starttime="20191021 14:14:38.580" endtime="20191021 14:14:43.582"></status>
</kw>
<kw name="Choose File" library="SeleniumLibrary">
<doc>Inputs the ``file_path`` into the file input field ``locator``.</doc>
<arguments>
<arg>//input[@id="device-catalog-import-file"]</arg>
<arg>D:\\WORKINGSPACE\\ECLIPSE2018\\Project1\\DataDriver.csv</arg>
</arguments>
<msg timestamp="20191021 14:14:43.586" level="INFO">Sending D:\WORKINGSPACE\ECLIPSE2018\Project1\DataDriver.csv to browser.</msg>
<status status="PASS" starttime="20191021 14:14:43.583" endtime="20191021 14:14:43.729"></status>
</kw>
<status status="PASS" starttime="20191021 14:14:13.356" endtime="20191021 14:14:43.730" critical="yes"></status>
</test>
<status status="PASS" starttime="20191021 14:14:13.114" endtime="20191021 14:14:43.730"></status>
</suite>
<status status="PASS" starttime="20191021 14:14:13.111" endtime="20191021 14:14:43.732"></status>
</suite>
<status status="PASS" starttime="20191021 14:14:13.089" endtime="20191021 14:14:43.734"></status>
</suite>
<statistics>
<total>
<stat pass="1" fail="0">Critical Tests</stat>
<stat pass="1" fail="0">All Tests</stat>
</total>
<tag>
</tag>
<suite>
<stat pass="1" fail="0" id="s1" name="Project1">Project1</stat>
<stat pass="1" fail="0" id="s1-s1" name="TestSuiteeeee">Project1.TestSuiteeeee</stat>
<stat pass="1" fail="0" id="s1-s1-s1" name="ChooseFile">Project1.TestSuiteeeee.ChooseFile</stat>
</suite>
</statistics>
<errors>
<msg timestamp="20191021 14:14:13.356" level="ERROR">Calling method '_start_suite' of listener 'DataDriver' failed: FileNotFoundError: File attribute was empty. Tried to find D:\WORKINGSPACE\ECLIPSE2018\Project1\TestSuiteeeee\ChooseFile.csv but file does not exist.</msg>
</errors>
</robot>
